[1-13 18:30:39]New EXE:C:\Users\user\AppData\Local\Programs\Microsoft VS Code\Code.exe
[1-13 18:30:41]New EXE:C:\Users\user\AppData\Local\Programs\Microsoft VS Code\Code.exe
[1-13 18:30:42]New EXE:C:\Users\user\AppData\Local\Programs\Microsoft VS Code\Code.exe
[1-13 18:30:56]New EXE:C:\Program Files\Google\Chrome\Application\chrome.exe
[1-13 18:30:57]New EXE:C:\Program Files\Google\Chrome\Application\chrome.exe
[1-13 18:30:59]New EXE:C:\Program Files\Google\Chrome\Application\chrome.exe
[1-13 18:30:59]New EXE:C:\Users\user\AppData\Local\Programs\Microsoft VS Code\Code.exe
[1-13 18:31:4]New EXE:C:\Program Files\Google\Chrome\Application\chrome.exe
[1-13 18:31:4]New EXE:C:\Program Files\Git\usr\bin\mintty.exe
[1-13 18:31:7]New EXE:C:\Windows\explorer.exe
[1-13 18:31:9]New EXE:C:\Program Files\Git\usr\bin\mintty.exe
[1-13 18:31:9]New EXE:C:\Program Files\Git\usr\bin\mintty.exe
[1-13 18:31:10]New EXE:C:\Program Files\Git\usr\bin\mintty.exe
[1-13 18:31:10]New EXE:C:\Program Files\Git\usr\bin\mintty.exe
[1-13 18:31:12]New EXE:C:\Windows\SystemApps\Microsoft.Windows.Cortana_cw5n1h2txyewy\SearchUI.exe
[1-13 18:31:29]New EXE:C:\Windows\explorer.exe
[1-13 18:31:31]New EXE:C:\Windows\SystemApps\Microsoft.Windows.Cortana_cw5n1h2txyewy\SearchUI.exe
[1-13 18:31:34]New EXE:C:\Windows\explorer.exe
[1-13 18:31:36]New EXE:C:\Windows\SystemApps\Microsoft.Windows.Cortana_cw5n1h2txyewy\SearchUI.exe
[1-13 18:31:41]New EXE:C:\Windows\SystemApps\ShellExperienceHost_cw5n1h2txyewy\ShellExperienceHost.exe
[1-13 18:31:41]New EXE:C:\Windows\SystemApps\Microsoft.Windows.Cortana_cw5n1h2txyewy\SearchUI.exe
[1-13 18:31:42]New EXE:C:\Windows\SystemApps\ShellExperienceHost_cw5n1h2txyewy\ShellExperienceHost.exe
[1-13 18:31:42]New EXE:C:\Windows\SystemApps\Microsoft.Windows.Cortana_cw5n1h2txyewy\SearchUI.exe
[1-13 18:31:44]New EXE:C:\Windows\SystemApps\ShellExperienceHost_cw5n1h2txyewy\ShellExperienceHost.exe
[1-13 18:31:44]New EXE:C:\Windows\SystemApps\Microsoft.Windows.Cortana_cw5n1h2txyewy\SearchUI.exe
[1-13 18:31:45]New EXE:C:\Windows\SystemApps\ShellExperienceHost_cw5n1h2txyewy\ShellExperienceHost.exe
[1-13 18:31:45]New EXE:C:\Windows\SystemApps\Microsoft.Windows.Cortana_cw5n1h2txyewy\SearchUI.exe
[1-13 18:31:47]New EXE:C:\Windows\SystemApps\ShellExperienceHost_cw5n1h2txyewy\ShellExperienceHost.exe
[1-13 18:31:47]New EXE:C:\Windows\SystemApps\Microsoft.Windows.Cortana_cw5n1h2txyewy\SearchUI.exe
[1-13 18:31:48]New EXE:C:\Windows\SystemApps\ShellExperienceHost_cw5n1h2txyewy\ShellExperienceHost.exe
[1-13 18:31:48]New EXE:C:\Windows\SystemApps\Microsoft.Windows.Cortana_cw5n1h2txyewy\SearchUI.exe
[1-13 18:31:48]New EXE:C:\Windows\SystemApps\ShellExperienceHost_cw5n1h2txyewy\ShellExperienceHost.exe
[1-13 18:31:48]New EXE:C:\Windows\SystemApps\Microsoft.Windows.Cortana_cw5n1h2txyewy\SearchUI.exe
[1-13 18:31:49]New EXE:C:\Windows\SystemApps\ShellExperienceHost_cw5n1h2txyewy\ShellExperienceHost.exe
[1-13 18:31:49]New EXE:C:\Windows\SystemApps\Microsoft.Windows.Cortana_cw5n1h2txyewy\SearchUI.exe
[1-13 18:31:49]New EXE:C:\Windows\SystemApps\ShellExperienceHost_cw5n1h2txyewy\ShellExperienceHost.exe
[1-13 18:31:49]New EXE:C:\Windows\SystemApps\Microsoft.Windows.Cortana_cw5n1h2txyewy\SearchUI.exe
[1-13 18:31:50]New EXE:C:\Windows\SystemApps\ShellExperienceHost_cw5n1h2txyewy\ShellExperienceHost.exe
[1-13 18:31:50]New EXE:C:\Windows\SystemApps\Microsoft.Windows.Cortana_cw5n1h2txyewy\SearchUI.exe
[1-13 18:31:51]New EXE:C:\Windows\SystemApps\ShellExperienceHost_cw5n1h2txyewy\ShellExperienceHost.exe
[1-13 18:31:51]New EXE:C:\Windows\SystemApps\Microsoft.Windows.Cortana_cw5n1h2txyewy\SearchUI.exe
[1-13 18:31:52]New EXE:C:\Windows\SystemApps\ShellExperienceHost_cw5n1h2txyewy\ShellExperienceHost.exe
[1-13 18:31:52]New EXE:C:\Windows\SystemApps\Microsoft.Windows.Cortana_cw5n1h2txyewy\SearchUI.exe
[1-13 18:31:54]New EXE:C:\Windows\explorer.exe
[1-13 18:31:56]New EXE:C:\Windows\explorer.exe
[1-13 18:31:56]New EXE:C:\Windows\explorer.exe
[1-13 18:31:57]New EXE:C:\Windows\explorer.exe
[1-13 18:31:57]New EXE:C:\Windows\explorer.exe
[1-13 18:32:0]New EXE:C:\Windows\explorer.exe
[1-13 18:32:1]New EXE:C:\Windows\explorer.exe
[1-13 18:32:4]New EXE:C:\Windows\explorer.exe
[1-13 18:32:5]New EXE:C:\Windows\explorer.exe
[1-13 18:32:6]New EXE:C:\Windows\explorer.exe
[1-13 18:32:7]New EXE:C:\Windows\explorer.exe
[1-13 18:32:8]New EXE:C:\Windows\explorer.exe
[1-13 18:32:9]New EXE:C:\Windows\explorer.exe
[1-13 18:32:35]New EXE:C:\Windows\explorer.exe
[1-13 18:32:36]New EXE:C:\Windows\explorer.exe
[1-13 18:32:38]New EXE:C:\Windows\explorer.exe
[1-13 18:32:39]New EXE:C:\Windows\explorer.exe
[1-13 18:32:42]New EXE:C:\Windows\explorer.exe
[1-13 18:32:43]New EXE:C:\Windows\explorer.exe
[1-13 18:33:11]New EXE:C:\Windows\explorer.exe
[1-13 18:33:19]New EXE:C:\Windows\explorer.exe
[1-13 18:33:24]New EXE:C:\Windows\explorer.exe
[1-13 18:33:25]New EXE:C:\Windows\explorer.exe
[1-13 18:33:27]New EXE:C:\Windows\explorer.exe
[1-13 18:33:30]New EXE:C:\Windows\explorer.exe
[1-13 18:33:32]New EXE:C:\Windows\explorer.exe
[1-13 18:33:34]New EXE:C:\Windows\explorer.exe
[1-13 18:33:37]New EXE:C:\Windows\explorer.exe
[1-13 18:33:37]New EXE:C:\Windows\explorer.exe
[1-13 18:33:39]New EXE:C:\Windows\explorer.exe
[1-13 18:33:41]New EXE:C:\Windows\explorer.exe
[1-13 18:33:44]New EXE:C:\Windows\explorer.exe
[1-13 18:33:45]New EXE:C:\Windows\explorer.exe
[1-13 18:33:48]New EXE:C:\Windows\explorer.exe
[1-13 18:33:51]New EXE:C:\Windows\explorer.exe
[1-13 18:33:54]New EXE:C:\Windows\explorer.exe
[1-13 18:33:55]New EXE:C:\Windows\explorer.exe
[1-13 18:33:56]New EXE:C:\Windows\explorer.exe
[1-13 18:33:57]New EXE:C:\Windows\explorer.exe
[1-13 18:33:58]New EXE:C:\Windows\explorer.exe
[1-13 18:33:59]New EXE:C:\Windows\explorer.exe
[1-13 18:34:0]New EXE:C:\Windows\explorer.exe
[1-13 18:34:5]New EXE:C:\Windows\explorer.exe
[1-13 18:34:7]New EXE:C:\Windows\explorer.exe
[1-13 18:34:7]New EXE:C:\Windows\explorer.exe
[1-13 18:34:11]New EXE:C:\Windows\explorer.exe
[1-13 18:34:13]New EXE:C:\Windows\explorer.exe
[1-13 18:34:18]New EXE:C:\Windows\explorer.exe
[1-13 18:34:21]New EXE:C:\Users\user\AppData\Local\Programs\Microsoft VS Code\Code.exe
[1-13 18:34:25]New EXE:C:\Windows\explorer.exe
[1-13 18:34:27]New EXE:C:\Users\user\AppData\Local\Programs\Microsoft VS Code\Code.exe
[1-13 18:34:33]New EXE:C:\Windows\explorer.exe
[1-13 18:34:36]New EXE:C:\Windows\explorer.exe
[1-13 18:34:42]New EXE:C:\Windows\explorer.exe
[1-13 18:34:46]New EXE:C:\Windows\explorer.exe
[1-13 18:34:48]New EXE:C:\Windows\explorer.exe
[1-13 18:34:50]New EXE:C:\Windows\explorer.exe
[1-13 18:34:52]New EXE:C:\Windows\explorer.exe
[1-13 18:34:54]New EXE:C:\Windows\explorer.exe
[1-13 18:34:56]New EXE:C:\Windows\explorer.exe
[1-13 18:34:58]New EXE:C:\Windows\explorer.exe
[1-13 18:34:59]New EXE:C:\Windows\explorer.exe
[1-13 18:35:17]New EXE:C:\Users\user\AppData\Local\Programs\Microsoft VS Code\Code.exe
[1-13 18:35:19]New EXE:C:\Windows\explorer.exe
[1-13 18:35:24]New EXE:C:\Program Files\Git\usr\bin\mintty.exe
[1-13 18:35:35]New EXE:C:\Program Files\Git\usr\bin\mintty.exe
[1-13 18:35:45]New EXE:C:\Windows\explorer.exe
[1-13 18:35:46]New EXE:C:\Windows\explorer.exe
[1-13 18:35:48]New EXE:C:\Windows\explorer.exe
[1-13 18:35:57]New EXE:C:\Windows\explorer.exe
[1-13 18:35:59]New EXE:C:\Windows\explorer.exe
[1-13 18:36:2]New EXE:C:\Windows\explorer.exe
[1-13 18:36:4]New EXE:C:\Windows\explorer.exe
[1-13 18:36:11]New EXE:C:\Program Files\Git\usr\bin\mintty.exe
